Mon Feb 25 11:36:58 CST 2019
TACC:  Starting up job 3001927 
TACC:  Starting parallel tasks... 
Charm++> Running on MPI version: 3.1
Charm++> level of thread support used: MPI_THREAD_FUNNELED (desired: MPI_THREAD_FUNNELED)
Charm++> Running in SMP mode: 16 processes, 16 worker threads (PEs) + 1 comm threads per process, 256 PEs total
Charm++> The comm. thread both sends and receives messages
Converse/Charm++ Commit ID: v6.9.0-124-gb61a6e7
Warning> Randomization of virtual memory (ASLR) is turned on in the kernel, thread migration may not work! Run 'echo 0 > /proc/sys/kernel/randomize_va_space' as root to disable it, or try running with '+isomalloc_sync'.
CharmLB> Load balancer assumes all CPUs are same.
CharmLB> Load balancing instrumentation is off.
Charm++> cpu affinity enabled. 
Charm++> cpuaffinity PE-core map : 0-63
Charm++> Running on 4 hosts (1 sockets x 68 cores x 4 PUs = 272-way SMP)
Charm++> cpu topology info is gathered in 0.120 seconds.
num_vertices: 33554432, desired_num_edges: 536870912
[Main] Input file not provided, generating kronecker graph...
xmalloc: allocated 8589934592 bytes
Successfully allocated memory for edges
xmalloc: allocated 268435456 bytes
xmalloc: allocated 1073743872 bytes
xmalloc: allocated 4294967296 bytes
xmalloc: allocated 17179871232 bytes
xmalloc: allocated 8589934592 bytes
[Main] Graph generation time: 2457.105892
Trying to allocate myVertices in library size: 0.006836 GB myPE: 0 elements: 131072 numVertices in each chare: 131072 numCharesinPe: 1
[Main] Library array with 256 chares created and proxy obtained
[Main] Inverted trees constructed. Notify library to perform components detection
[Main] Tree construction time: 230.187880
PE: 96 totalRoots: 63967
PE: 73 totalRoots: 63778
PE: 71 totalRoots: 63757
PE: 155 totalRoots: 63771
PE: 160 totalRoots: 63884
PE: 235 totalRoots: 63455
PE: 104 totalRoots: 63758
PE: 109 totalRoots: 64088
PE: 107 totalRoots: 63796
PE: 111 totalRoots: 64079
PE: 110 totalRoots: 63839
PE: 103 totalRoots: 63782
PE: 76 totalRoots: 63752
PE: 149 totalRoots: 63668
PE: 151 totalRoots: 63854
PE: 36 totalRoots: 63477
PE: 175 totalRoots: 63678
PE: 244 totalRoots: 63402
PE: 10 totalRoots: 63732
PE: 241 totalRoots: 63573
PE: 7 totalRoots: 63824
PE: 99 totalRoots: 63809
PE: 97 totalRoots: 63669
PE: 101 totalRoots: 64002
PE: 42 totalRoots: 63800
PE: 102 totalRoots: 64125
PE: 106 totalRoots: 63538
PE: 157 totalRoots: 63370
PE: 47 totalRoots: 63930
PE: 32 totalRoots: 63479
PE: 105 totalRoots: 63655
PE: 139 totalRoots: 63679
PE: 136 totalRoots: 63567
PE: 133 totalRoots: 64050
PE: 142 totalRoots: 63729
PE: 237 totalRoots: 63791
PE: 17 totalRoots: 63444
PE: 68 totalRoots: 63707
PE: 187 totalRoots: 63986
PE: 252 totalRoots: 63635
PE: 246 totalRoots: 64001
PE: 251 totalRoots: 63551
PE: 41 totalRoots: 63550
PE: 98 totalRoots: 63598
PE: 191 totalRoots: 63444
PE: 194 totalRoots: 63783
PE: 204 totalRoots: 63579
PE: 31 totalRoots: 63944
PE: 22 totalRoots: 63680
PE: 81 totalRoots: 63455
PE: 93 totalRoots: 63556
PE: 91 totalRoots: 63802
PE: 144 totalRoots: 63764
PE: 222 totalRoots: 63637
PE: 60 totalRoots: 63649
PE: 53 totalRoots: 64247
PE: 116 totalRoots: 63518
PE: 126 totalRoots: 63946
PE: 112 totalRoots: 64001
PE: 182 totalRoots: 63672
PE: 208 totalRoots: 63680
PE: 58 totalRoots: 63610
PE: 64 totalRoots: 63483
PE: 69 totalRoots: 63781
PE: 75 totalRoots: 63517
PE: 141 totalRoots: 63707
PE: 2 totalRoots: 63884
PE: 94 totalRoots: 63988
PE: 83 totalRoots: 63629
PE: 184 totalRoots: 63615
PE: 193 totalRoots: 63894
PE: 197 totalRoots: 64058
PE: 8 totalRoots: 63779
PE: 122 totalRoots: 63537
PE: 147 totalRoots: 63351
PE: 221 totalRoots: 63671
PE: 217 totalRoots: 63869
PE: 212 totalRoots: 63704
PE: 210 totalRoots: 63703
PE: 214 totalRoots: 63688
PE: 26 totalRoots: 63589
PE: 72 totalRoots: 63825
PE: 132 totalRoots: 63772
PE: 199 totalRoots: 63607
PE: 3 totalRoots: 63589
PE: 4 totalRoots: 64034
PE: 100 totalRoots: 63472
PE: 170 totalRoots: 63647
PE: 162 totalRoots: 63849
PE: 211 totalRoots: 63498
PE: 213 totalRoots: 63959
PE: 33 totalRoots: 64075
PE: 79 totalRoots: 63962
PE: 183 totalRoots: 63942
PE: 188 totalRoots: 63980
PE: 227 totalRoots: 63666
PE: 11 totalRoots: 63815
PE: 15 totalRoots: 63809
PE: 0 totalRoots: 63858
PE: 87 totalRoots: 63879
PE: 80 totalRoots: 63688
PE: 85 totalRoots: 63650
PE: 86 totalRoots: 63651
PE: 82 totalRoots: 63956
PE: 90 totalRoots: 63692
PE: 95 totalRoots: 63597
PE: 92 totalRoots: 63695
PE: 131 totalRoots: 63634
PE: 143 totalRoots: 63745
PE: 253 totalRoots: 63796
PE: 240 totalRoots: 63888
PE: 40 totalRoots: 63890
PE: 123 totalRoots: 63993
PE: 125 totalRoots: 63750
PE: 120 totalRoots: 63775
PE: 127 totalRoots: 63601
PE: 117 totalRoots: 63872
PE: 113 totalRoots: 63625
PE: 114 totalRoots: 63471
PE: 172 totalRoots: 63946
PE: 207 totalRoots: 63453
PE: 206 totalRoots: 63843
PE: 12 totalRoots: 63756
PE: 77 totalRoots: 63962
PE: 65 totalRoots: 64067
PE: 70 totalRoots: 64020
PE: 67 totalRoots: 63849
PE: 135 totalRoots: 63680
PE: 134 totalRoots: 63891
PE: 219 totalRoots: 64067
PE: 220 totalRoots: 63936
PE: 30 totalRoots: 63999
PE: 23 totalRoots: 63910
PE: 25 totalRoots: 63909
PE: 27 totalRoots: 63856
PE: 89 totalRoots: 63751
PE: 84 totalRoots: 63684
PE: 130 totalRoots: 63786
PE: 247 totalRoots: 64070
PE: 24 totalRoots: 63393
PE: 18 totalRoots: 63781
PE: 115 totalRoots: 63763
PE: 121 totalRoots: 63814
PE: 118 totalRoots: 63725
PE: 119 totalRoots: 63719
PE: 154 totalRoots: 64078
PE: 158 totalRoots: 63864
PE: 254 totalRoots: 63443
PE: 35 totalRoots: 63841
PE: 43 totalRoots: 63767
PE: 37 totalRoots: 63525
PE: 38 totalRoots: 63766
PE: 88 totalRoots: 63892
PE: 164 totalRoots: 63676
PE: 209 totalRoots: 63759
PE: 13 totalRoots: 63559
PE: 14 totalRoots: 63897
PE: 6 totalRoots: 63981
PE: 1 totalRoots: 64085
PE: 124 totalRoots: 63701
PE: 178 totalRoots: 64004
PE: 186 totalRoots: 63982
PE: 179 totalRoots: 63714
PE: 201 totalRoots: 63733
PE: 205 totalRoots: 63492
PE: 16 totalRoots: 63733
PE: 21 totalRoots: 63765
PE: 28 totalRoots: 63447
PE: 78 totalRoots: 63522
PE: 66 totalRoots: 64027
PE: 129 totalRoots: 63711
PE: 140 totalRoots: 64058
PE: 223 totalRoots: 63495
PE: 44 totalRoots: 63786
PE: 46 totalRoots: 63785
PE: 34 totalRoots: 63377
PE: 74 totalRoots: 63541
PE: 145 totalRoots: 63822
PE: 148 totalRoots: 63813
PE: 146 totalRoots: 63648
PE: 225 totalRoots: 63813
PE: 226 totalRoots: 63918
PE: 52 totalRoots: 63777
PE: 48 totalRoots: 63586
PE: 61 totalRoots: 63818
PE: 59 totalRoots: 63933
PE: 57 totalRoots: 63469
PE: 50 totalRoots: 63500
PE: 62 totalRoots: 64041
PE: 56 totalRoots: 63774
PE: 108 totalRoots: 63872
PE: 165 totalRoots: 63584
PE: 167 totalRoots: 63892
PE: 174 totalRoots: 63756
PE: 166 totalRoots: 63909
PE: 171 totalRoots: 63374
PE: 245 totalRoots: 63749
PE: 249 totalRoots: 63901
PE: 5 totalRoots: 63909
PE: 180 totalRoots: 63671
PE: 181 totalRoots: 63579
PE: 190 totalRoots: 63571
PE: 177 totalRoots: 63727
PE: 198 totalRoots: 63788
PE: 203 totalRoots: 63933
PE: 202 totalRoots: 63665
PE: 19 totalRoots: 63612
PE: 29 totalRoots: 63685
PE: 20 totalRoots: 63650
PE: 138 totalRoots: 63961
PE: 137 totalRoots: 63862
PE: 215 totalRoots: 64151
PE: 218 totalRoots: 63597
PE: 39 totalRoots: 63675
PE: 45 totalRoots: 64099
PE: 156 totalRoots: 63618
PE: 159 totalRoots: 63694
PE: 152 totalRoots: 63700
PE: 153 totalRoots: 63704
PE: 234 totalRoots: 63831
PE: 228 totalRoots: 63825
PE: 238 totalRoots: 63765
PE: 233 totalRoots: 63588
PE: 51 totalRoots: 63627
PE: 63 totalRoots: 63781
PE: 161 totalRoots: 63880
PE: 173 totalRoots: 63875
PE: 168 totalRoots: 63964
PE: 169 totalRoots: 63952
PE: 242 totalRoots: 63379
PE: 255 totalRoots: 63742
PE: 248 totalRoots: 63588
PE: 243 totalRoots: 64022
PE: 250 totalRoots: 63646
PE: 55 totalRoots: 63557
PE: 54 totalRoots: 63684
PE: 128 totalRoots: 63889
PE: 195 totalRoots: 63611
PE: 196 totalRoots: 63594
PE: 200 totalRoots: 63557
PE: 9 totalRoots: 63818
PE: 185 totalRoots: 63914
PE: 232 totalRoots: 63884
PE: 230 totalRoots: 63361
PE: 49 totalRoots: 63986
PE: 163 totalRoots: 63734
PE: 192 totalRoots: 63709
Total components: 16320536
[Main] Components identified, prune unecessary ones now
PE: 189 totalRoots: 63636
PE: 216 totalRoots: 63679
[Main] Components detection time: 18.209083
PE: 176 totalRoots: 63732
PE: 239 totalRoots: 63676
PE: 229 totalRoots: 63785
[Partition 0][Node 0] End of program
PE: 150 totalRoots: 63721
PE: 224 totalRoots: 63368
PE: 231 totalRoots: 63614
PE: 236 totalRoots: 63926
TACC:  Shutdown complete. Exiting. 
Mon Feb 25 12:22:17 CST 2019
