Charmrun> scalable start enabled. 
Charmrun> started all node programs in 0.012 seconds.
Charm++> Running in SMP mode: 1 processes, 1 worker threads (PEs) + 1 comm threads per process, 1 PEs total
Charm++> The comm. thread both sends and receives messages
Converse/Charm++ Commit ID: v6.8.2-1009-g180b91cf1
Charm++> scheduler running in netpoll mode.
CharmLB> Load balancer assumes all CPUs are same.
Charm++> Running on 1 hosts (1 sockets x 4 cores x 2 PUs = 8-way SMP)
Charm++> cpu topology info is gathered in 0.000 seconds.
[Main] Library array with 4 chares created and proxy obtained
thisIndex: 0 totalChareinPe: 4 offset: 0
PE: 0, calling allocate for: 36
thisIndex: 0 totalChareinPe: 4 offset: 0
offset: 0 numMyVertices: 9 myVertices.size(): 36
thisIndex: 1 totalChareinPe: 4 offset: 1
thisIndex: 1 totalChareinPe: 4 offset: 0
offset: 0 numMyVertices: 9 myVertices.size(): 36
thisIndex: 2 totalChareinPe: 4 offset: 2
thisIndex: 2 totalChareinPe: 4 offset: 0
offset: 0 numMyVertices: 9 myVertices.size(): 36
thisIndex: 3 totalChareinPe: 4 offset: 3
thisIndex: 3 totalChareinPe: 4 offset: 0
offset: 0 numMyVertices: 9 myVertices.size(): 36
Starting doWork()
i: 0 thisIndex: 0 myPE: 0 id: 0 group: 0 offset: 0
i: 1 thisIndex: 0 myPE: 0 id: 1 group: 0 offset: 1
i: 2 thisIndex: 0 myPE: 0 id: 2 group: 0 offset: 2
i: 3 thisIndex: 0 myPE: 0 id: 6 group: 0 offset: 3
i: 4 thisIndex: 0 myPE: 0 id: 7 group: 0 offset: 4
i: 5 thisIndex: 0 myPE: 0 id: 8 group: 0 offset: 5
i: 6 thisIndex: 0 myPE: 0 id: 12 group: 0 offset: 6
i: 7 thisIndex: 0 myPE: 0 id: 13 group: 0 offset: 7
i: 8 thisIndex: 0 myPE: 0 id: 14 group: 0 offset: 8
i: 0 vertexID: 21
i: 1 vertexID: 22
i: 2 vertexID: 23
i: 3 vertexID: 27
i: 4 vertexID: 28
i: 5 vertexID: 29
i: 6 vertexID: 33
i: 7 vertexID: 34
i: 8 vertexID: 35
i: 9 vertexID: 0
i: 10 vertexID: 0
i: 11 vertexID: 0
i: 12 vertexID: 0
i: 13 vertexID: 0
i: 14 vertexID: 0
i: 15 vertexID: 0
i: 16 vertexID: 0
i: 17 vertexID: 0
i: 18 vertexID: 0
i: 19 vertexID: 0
i: 20 vertexID: 0
i: 21 vertexID: 0
i: 22 vertexID: 0
i: 23 vertexID: 0
i: 24 vertexID: 0
i: 25 vertexID: 0
i: 26 vertexID: 0
i: 27 vertexID: 0
i: 28 vertexID: 0
i: 29 vertexID: 0
i: 30 vertexID: 0
i: 31 vertexID: 0
i: 32 vertexID: 0
i: 33 vertexID: 0
i: 34 vertexID: 0
i: 35 vertexID: 0
w_id: 1 v_id: 0 w: 0 1 v: 0 0
w_id: 6 v_id: 0 w: 0 3 v: 0 0
w_id: 2 v_id: 1 w: 0 2 v: 0 1
w_id: 7 v_id: 1 w: 0 4 v: 0 1
w_id: 3 v_id: 2 w: 0 9 v: 0 2
w_id: 8 v_id: 2 w: 0 5 v: 0 2
w_id: 7 v_id: 6 w: 0 4 v: 0 3
w_id: 12 v_id: 6 w: 0 6 v: 0 3
w_id: 8 v_id: 7 w: 0 5 v: 0 4
w_id: 13 v_id: 7 w: 0 7 v: 0 4
w_id: 9 v_id: 8 w: 0 12 v: 0 5
w_id: 14 v_id: 8 w: 0 8 v: 0 5
w_id: 13 v_id: 12 w: 0 7 v: 0 6
w_id: 18 v_id: 12 w: 0 18 v: 0 6
w_id: 14 v_id: 13 w: 0 8 v: 0 7
w_id: 19 v_id: 13 w: 0 19 v: 0 7
w_id: 15 v_id: 14 w: 0 15 v: 0 8
w_id: 20 v_id: 14 w: 0 20 v: 0 8
Done doWork() myIndex: 0 myPE: 0
Starting doWork()
i: 0 thisIndex: 1 myPE: 0 id: 3 group: 0 offset: 9
i: 1 thisIndex: 1 myPE: 0 id: 4 group: 0 offset: 10
i: 2 thisIndex: 1 myPE: 0 id: 5 group: 0 offset: 11
i: 3 thisIndex: 1 myPE: 0 id: 9 group: 0 offset: 12
i: 4 thisIndex: 1 myPE: 0 id: 10 group: 0 offset: 13
i: 5 thisIndex: 1 myPE: 0 id: 11 group: 0 offset: 14
i: 6 thisIndex: 1 myPE: 0 id: 15 group: 0 offset: 15
i: 7 thisIndex: 1 myPE: 0 id: 16 group: 0 offset: 16
i: 8 thisIndex: 1 myPE: 0 id: 17 group: 0 offset: 17
i: 0 vertexID: 21
i: 1 vertexID: 22
i: 2 vertexID: 23
i: 3 vertexID: 27
i: 4 vertexID: 28
i: 5 vertexID: 29
i: 6 vertexID: 33
i: 7 vertexID: 34
i: 8 vertexID: 35
i: 9 vertexID: 0
i: 10 vertexID: 0
i: 11 vertexID: 0
i: 12 vertexID: 0
i: 13 vertexID: 0
i: 14 vertexID: 0
i: 15 vertexID: 0
i: 16 vertexID: 0
i: 17 vertexID: 0
i: 18 vertexID: 0
i: 19 vertexID: 0
i: 20 vertexID: 0
i: 21 vertexID: 0
i: 22 vertexID: 0
i: 23 vertexID: 0
i: 24 vertexID: 0
i: 25 vertexID: 0
i: 26 vertexID: 0
i: 27 vertexID: 0
i: 28 vertexID: 0
i: 29 vertexID: 0
i: 30 vertexID: 0
i: 31 vertexID: 0
i: 32 vertexID: 0
i: 33 vertexID: 0
i: 34 vertexID: 0
i: 35 vertexID: 0
w_id: 4 v_id: 3 w: 0 10 v: 0 9
w_id: 9 v_id: 3 w: 0 12 v: 0 9
w_id: 5 v_id: 4 w: 0 11 v: 0 10
w_id: 10 v_id: 4 w: 0 13 v: 0 10
w_id: 11 v_id: 5 w: 0 14 v: 0 11
w_id: 10 v_id: 9 w: 0 13 v: 0 12
w_id: 15 v_id: 9 w: 0 15 v: 0 12
w_id: 11 v_id: 10 w: 0 14 v: 0 13
w_id: 16 v_id: 10 w: 0 16 v: 0 13
w_id: 17 v_id: 11 w: 0 17 v: 0 14
w_id: 16 v_id: 15 w: 0 16 v: 0 15
w_id: 21 v_id: 15 w: 0 27 v: 0 15
w_id: 17 v_id: 16 w: 0 17 v: 0 16
w_id: 22 v_id: 16 w: 0 28 v: 0 16
w_id: 23 v_id: 17 w: 0 29 v: 0 17
Done doWork() myIndex: 1 myPE: 0
Starting doWork()
i: 0 thisIndex: 2 myPE: 0 id: 18 group: 0 offset: 18
i: 1 thisIndex: 2 myPE: 0 id: 19 group: 0 offset: 19
i: 2 thisIndex: 2 myPE: 0 id: 20 group: 0 offset: 20
i: 3 thisIndex: 2 myPE: 0 id: 24 group: 0 offset: 21
i: 4 thisIndex: 2 myPE: 0 id: 25 group: 0 offset: 22
i: 5 thisIndex: 2 myPE: 0 id: 26 group: 0 offset: 23
i: 6 thisIndex: 2 myPE: 0 id: 30 group: 0 offset: 24
i: 7 thisIndex: 2 myPE: 0 id: 31 group: 0 offset: 25
i: 8 thisIndex: 2 myPE: 0 id: 32 group: 0 offset: 26
i: 0 vertexID: 21
i: 1 vertexID: 22
i: 2 vertexID: 23
i: 3 vertexID: 27
i: 4 vertexID: 28
i: 5 vertexID: 29
i: 6 vertexID: 33
i: 7 vertexID: 34
i: 8 vertexID: 35
i: 9 vertexID: 0
i: 10 vertexID: 0
i: 11 vertexID: 0
i: 12 vertexID: 0
i: 13 vertexID: 0
i: 14 vertexID: 0
i: 15 vertexID: 0
i: 16 vertexID: 0
i: 17 vertexID: 0
i: 18 vertexID: 0
i: 19 vertexID: 0
i: 20 vertexID: 0
i: 21 vertexID: 0
i: 22 vertexID: 0
i: 23 vertexID: 0
i: 24 vertexID: 0
i: 25 vertexID: 0
i: 26 vertexID: 0
i: 27 vertexID: 0
i: 28 vertexID: 0
i: 29 vertexID: 0
i: 30 vertexID: 0
i: 31 vertexID: 0
i: 32 vertexID: 0
i: 33 vertexID: 0
i: 34 vertexID: 0
i: 35 vertexID: 0
w_id: 19 v_id: 18 w: 0 19 v: 0 18
w_id: 24 v_id: 18 w: 0 21 v: 0 18
w_id: 20 v_id: 19 w: 0 20 v: 0 19
w_id: 25 v_id: 19 w: 0 22 v: 0 19
w_id: 21 v_id: 20 w: 0 27 v: 0 20
w_id: 26 v_id: 20 w: 0 23 v: 0 20
w_id: 25 v_id: 24 w: 0 22 v: 0 21
w_id: 30 v_id: 24 w: 0 24 v: 0 21
w_id: 26 v_id: 25 w: 0 23 v: 0 22
w_id: 31 v_id: 25 w: 0 25 v: 0 22
w_id: 27 v_id: 26 w: 0 30 v: 0 23
w_id: 32 v_id: 26 w: 0 26 v: 0 23
w_id: 31 v_id: 30 w: 0 25 v: 0 24
w_id: 32 v_id: 31 w: 0 26 v: 0 25
w_id: 33 v_id: 32 w: 0 33 v: 0 26
Done doWork() myIndex: 2 myPE: 0
Starting doWork()
i: 0 thisIndex: 3 myPE: 0 id: 21 group: 0 offset: 27
i: 1 thisIndex: 3 myPE: 0 id: 22 group: 0 offset: 28
i: 2 thisIndex: 3 myPE: 0 id: 23 group: 0 offset: 29
i: 3 thisIndex: 3 myPE: 0 id: 27 group: 0 offset: 30
i: 4 thisIndex: 3 myPE: 0 id: 28 group: 0 offset: 31
i: 5 thisIndex: 3 myPE: 0 id: 29 group: 0 offset: 32
i: 6 thisIndex: 3 myPE: 0 id: 33 group: 0 offset: 33
i: 7 thisIndex: 3 myPE: 0 id: 34 group: 0 offset: 34
i: 8 thisIndex: 3 myPE: 0 id: 35 group: 0 offset: 35
i: 0 vertexID: 21
i: 1 vertexID: 22
i: 2 vertexID: 23
i: 3 vertexID: 27
i: 4 vertexID: 28
i: 5 vertexID: 29
i: 6 vertexID: 33
i: 7 vertexID: 34
i: 8 vertexID: 35
i: 9 vertexID: 0
i: 10 vertexID: 0
i: 11 vertexID: 0
i: 12 vertexID: 0
i: 13 vertexID: 0
i: 14 vertexID: 0
i: 15 vertexID: 0
i: 16 vertexID: 0
i: 17 vertexID: 0
i: 18 vertexID: 0
i: 19 vertexID: 0
i: 20 vertexID: 0
i: 21 vertexID: 0
i: 22 vertexID: 0
i: 23 vertexID: 0
i: 24 vertexID: 0
i: 25 vertexID: 0
i: 26 vertexID: 0
i: 27 vertexID: 0
i: 28 vertexID: 0
i: 29 vertexID: 0
i: 30 vertexID: 0
i: 31 vertexID: 0
i: 32 vertexID: 0
i: 33 vertexID: 0
i: 34 vertexID: 0
i: 35 vertexID: 0
w_id: 22 v_id: 21 w: 0 28 v: 0 27
w_id: 27 v_id: 21 w: 0 30 v: 0 27
w_id: 23 v_id: 22 w: 0 29 v: 0 28
w_id: 28 v_id: 22 w: 0 31 v: 0 28
w_id: 29 v_id: 23 w: 0 32 v: 0 29
w_id: 28 v_id: 27 w: 0 31 v: 0 30
w_id: 33 v_id: 27 w: 0 33 v: 0 30
w_id: 29 v_id: 28 w: 0 32 v: 0 31
w_id: 34 v_id: 28 w: 0 34 v: 0 31
w_id: 35 v_id: 29 w: 0 35 v: 0 32
w_id: 34 v_id: 33 w: 0 34 v: 0 33
w_id: 35 v_id: 34 w: 0 35 v: 0 34
Done doWork() myIndex: 3 myPE: 0
anchor() w_arrIdx: 1 w->vertexID: 22 to vid: 0
anchor() w_arrIdx: 3 w->vertexID: 27 to vid: 0
anchor() w_arrIdx: 2 w->vertexID: 23 to vid: 1
anchor() w_arrIdx: 4 w->vertexID: 28 to vid: 1
anchor() w_arrIdx: 9 w->vertexID: 0 to vid: 2
anchor() w_arrIdx: 5 w->vertexID: 29 to vid: 2
anchor() w_arrIdx: 4 w->vertexID: 28 to vid: 6
anchor() w_arrIdx: 6 w->vertexID: 33 to vid: 6
anchor() w_arrIdx: 5 w->vertexID: 29 to vid: 7
anchor() w_arrIdx: 7 w->vertexID: 34 to vid: 7
anchor() w_arrIdx: 12 w->vertexID: 0 to vid: 8
anchor() w_arrIdx: 8 w->vertexID: 35 to vid: 8
anchor() w_arrIdx: 7 w->vertexID: 34 to vid: 12
anchor() w_arrIdx: 18 w->vertexID: 0 to vid: 12
anchor() w_arrIdx: 8 w->vertexID: 35 to vid: 13
anchor() w_arrIdx: 19 w->vertexID: 0 to vid: 13
anchor() w_arrIdx: 15 w->vertexID: 0 to vid: 14
anchor() w_arrIdx: 20 w->vertexID: 0 to vid: 14
anchor() w_arrIdx: 10 w->vertexID: 0 to vid: 3
anchor() w_arrIdx: 12 w->vertexID: 0 to vid: 3
anchor() w_arrIdx: 11 w->vertexID: 0 to vid: 4
anchor() w_arrIdx: 13 w->vertexID: 0 to vid: 4
anchor() w_arrIdx: 14 w->vertexID: 0 to vid: 5
anchor() w_arrIdx: 13 w->vertexID: 0 to vid: 9
anchor() w_arrIdx: 15 w->vertexID: 0 to vid: 9
anchor() w_arrIdx: 14 w->vertexID: 0 to vid: 10
anchor() w_arrIdx: 16 w->vertexID: 0 to vid: 10
anchor() w_arrIdx: 17 w->vertexID: 0 to vid: 11
anchor() w_arrIdx: 16 w->vertexID: 0 to vid: 15
anchor() w_arrIdx: 27 w->vertexID: 0 to vid: 15
anchor() w_arrIdx: 17 w->vertexID: 0 to vid: 16
anchor() w_arrIdx: 28 w->vertexID: 0 to vid: 16
anchor() w_arrIdx: 29 w->vertexID: 0 to vid: 17
anchor() w_arrIdx: 19 w->vertexID: 0 to vid: 18
anchor() w_arrIdx: 21 w->vertexID: 0 to vid: 18
anchor() w_arrIdx: 20 w->vertexID: 0 to vid: 19
anchor() w_arrIdx: 22 w->vertexID: 0 to vid: 19
anchor() w_arrIdx: 27 w->vertexID: 0 to vid: 20
anchor() w_arrIdx: 23 w->vertexID: 0 to vid: 20
anchor() w_arrIdx: 22 w->vertexID: 0 to vid: 24
anchor() w_arrIdx: 24 w->vertexID: 0 to vid: 24
anchor() w_arrIdx: 23 w->vertexID: 0 to vid: 25
anchor() w_arrIdx: 25 w->vertexID: 0 to vid: 25
anchor() w_arrIdx: 30 w->vertexID: 0 to vid: 26
anchor() w_arrIdx: 26 w->vertexID: 0 to vid: 26
anchor() w_arrIdx: 25 w->vertexID: 0 to vid: 30
anchor() w_arrIdx: 26 w->vertexID: 0 to vid: 31
anchor() w_arrIdx: 33 w->vertexID: 0 to vid: 32
anchor() w_arrIdx: 28 w->vertexID: 0 to vid: 21
anchor() w_arrIdx: 30 w->vertexID: 0 to vid: 21
anchor() w_arrIdx: 29 w->vertexID: 0 to vid: 22
anchor() w_arrIdx: 31 w->vertexID: 0 to vid: 22
anchor() w_arrIdx: 32 w->vertexID: 0 to vid: 23
anchor() w_arrIdx: 31 w->vertexID: 0 to vid: 27
anchor() w_arrIdx: 33 w->vertexID: 0 to vid: 27
anchor() w_arrIdx: 32 w->vertexID: 0 to vid: 28
anchor() w_arrIdx: 34 w->vertexID: 0 to vid: 28
anchor() w_arrIdx: 35 w->vertexID: 0 to vid: 29
anchor() w_arrIdx: 34 w->vertexID: 0 to vid: 33
anchor() w_arrIdx: 35 w->vertexID: 0 to vid: 34
anchor() w_arrIdx: 2 w->vertexID: 23 to vid: 0
anchor() w_arrIdx: 1 w->vertexID: 22 to vid: 6
anchor() w_arrIdx: 2 w->vertexID: 23 to vid: 7
anchor() w_arrIdx: 5 w->vertexID: 29 to vid: 0
anchor() w_arrIdx: 4 w->vertexID: 28 to vid: 12
anchor() w_arrIdx: 6 w->vertexID: 33 to vid: 0
anchor() w_arrIdx: 5 w->vertexID: 29 to vid: 13
anchor() w_arrIdx: 7 w->vertexID: 34 to vid: 0
anchor() w_arrIdx: 8 w->vertexID: 35 to vid: 0
anchor() w_arrIdx: 8 w->vertexID: 35 to vid: 0
anchor() w_arrIdx: 9 w->vertexID: 0 to vid: 0
anchor() w_arrIdx: 9 w->vertexID: 0 to vid: 0
anchor() w_arrIdx: 10 w->vertexID: 0 to vid: 0
anchor() w_arrIdx: 10 w->vertexID: 0 to vid: 0
anchor() w_arrIdx: 11 w->vertexID: 0 to vid: 0
anchor() w_arrIdx: 12 w->vertexID: 0 to vid: 0
anchor() w_arrIdx: 12 w->vertexID: 0 to vid: 0
anchor() w_arrIdx: 13 w->vertexID: 0 to vid: 0
anchor() w_arrIdx: 13 w->vertexID: 0 to vid: 0
anchor() w_arrIdx: 14 w->vertexID: 0 to vid: 0
anchor() w_arrIdx: 15 w->vertexID: 0 to vid: 0
anchor() w_arrIdx: 15 w->vertexID: 0 to vid: 0
anchor() w_arrIdx: 16 w->vertexID: 0 to vid: 0
anchor() w_arrIdx: 16 w->vertexID: 0 to vid: 0
anchor() w_arrIdx: 17 w->vertexID: 0 to vid: 0
anchor() w_arrIdx: 18 w->vertexID: 0 to vid: 0
anchor() w_arrIdx: 18 w->vertexID: 0 to vid: 0
anchor() w_arrIdx: 19 w->vertexID: 0 to vid: 0
anchor() w_arrIdx: 19 w->vertexID: 0 to vid: 0
anchor() w_arrIdx: 20 w->vertexID: 0 to vid: 0
anchor() w_arrIdx: 20 w->vertexID: 0 to vid: 0
anchor() w_arrIdx: 21 w->vertexID: 0 to vid: 0
anchor() w_arrIdx: 21 w->vertexID: 0 to vid: 0
anchor() w_arrIdx: 22 w->vertexID: 0 to vid: 0
anchor() w_arrIdx: 22 w->vertexID: 0 to vid: 0
anchor() w_arrIdx: 23 w->vertexID: 0 to vid: 0
anchor() w_arrIdx: 23 w->vertexID: 0 to vid: 0
anchor() w_arrIdx: 24 w->vertexID: 0 to vid: 0
anchor() w_arrIdx: 25 w->vertexID: 0 to vid: 0
anchor() w_arrIdx: 26 w->vertexID: 0 to vid: 0
anchor() w_arrIdx: 27 w->vertexID: 0 to vid: 0
anchor() w_arrIdx: 27 w->vertexID: 0 to vid: 0
anchor() w_arrIdx: 28 w->vertexID: 0 to vid: 0
anchor() w_arrIdx: 28 w->vertexID: 0 to vid: 0
anchor() w_arrIdx: 29 w->vertexID: 0 to vid: 0
anchor() w_arrIdx: 30 w->vertexID: 0 to vid: 0
anchor() w_arrIdx: 30 w->vertexID: 0 to vid: 0
anchor() w_arrIdx: 31 w->vertexID: 0 to vid: 0
anchor() w_arrIdx: 31 w->vertexID: 0 to vid: 0
anchor() w_arrIdx: 32 w->vertexID: 0 to vid: 0
anchor() w_arrIdx: 33 w->vertexID: 0 to vid: 0
anchor() w_arrIdx: 34 w->vertexID: 0 to vid: 0
anchor() w_arrIdx: 1 w->vertexID: 22 to vid: 0
anchor() w_arrIdx: 0 w->vertexID: 21 to vid: 6
anchor() w_arrIdx: 1 w->vertexID: 22 to vid: 7
anchor() w_arrIdx: 2 w->vertexID: 23 to vid: 0
anchor() w_arrIdx: 1 w->vertexID: 22 to vid: 12
anchor() w_arrIdx: 3 w->vertexID: 27 to vid: 0
anchor() w_arrIdx: 2 w->vertexID: 23 to vid: 13
anchor() w_arrIdx: 4 w->vertexID: 28 to vid: 0
anchor() w_arrIdx: 5 w->vertexID: 29 to vid: 0
anchor() w_arrIdx: 5 w->vertexID: 29 to vid: 0
anchor() w_arrIdx: 0 w->vertexID: 21 to vid: 7
anchor() w_arrIdx: 1 w->vertexID: 22 to vid: 0
anchor() w_arrIdx: 0 w->vertexID: 21 to vid: 12
anchor() w_arrIdx: 1 w->vertexID: 22 to vid: 13
anchor() w_arrIdx: 1 w->vertexID: 22 to vid: 0
anchor() w_arrIdx: 2 w->vertexID: 23 to vid: 0
anchor() w_arrIdx: 2 w->vertexID: 23 to vid: 0
anchor() w_arrIdx: 3 w->vertexID: 27 to vid: 7
anchor() w_arrIdx: 3 w->vertexID: 27 to vid: 12
anchor() w_arrIdx: 0 w->vertexID: 21 to vid: 13
anchor() w_arrIdx: 1 w->vertexID: 22 to vid: 0
anchor() w_arrIdx: 1 w->vertexID: 22 to vid: 0
anchor() w_arrIdx: 0 w->vertexID: 21 to vid: 7
anchor() w_arrIdx: 0 w->vertexID: 21 to vid: 12
anchor() w_arrIdx: 3 w->vertexID: 27 to vid: 13
anchor() w_arrIdx: 3 w->vertexID: 27 to vid: 7
anchor() w_arrIdx: 3 w->vertexID: 27 to vid: 12
anchor() w_arrIdx: 0 w->vertexID: 21 to vid: 13
anchor() w_arrIdx: 0 w->vertexID: 21 to vid: 7
anchor() w_arrIdx: 0 w->vertexID: 21 to vid: 12
anchor() w_arrIdx: 3 w->vertexID: 27 to vid: 13
anchor() w_arrIdx: 3 w->vertexID: 27 to vid: 7
anchor() w_arrIdx: 3 w->vertexID: 27 to vid: 12
anchor() w_arrIdx: 0 w->vertexID: 21 to vid: 13
anchor() w_arrIdx: 0 w->vertexID: 21 to vid: 7
anchor() w_arrIdx: 0 w->vertexID: 21 to vid: 12
anchor() w_arrIdx: 3 w->vertexID: 27 to vid: 13
anchor() w_arrIdx: 3 w->vertexID: 27 to vid: 7
anchor() w_arrIdx: 3 w->vertexID: 27 to vid: 12
anchor() w_arrIdx: 0 w->vertexID: 21 to vid: 13
anchor() w_arrIdx: 0 w->vertexID: 21 to vid: 7
anchor() w_arrIdx: 0 w->vertexID: 21 to vid: 12
anchor() w_arrIdx: 3 w->vertexID: 27 to vid: 13
anchor() w_arrIdx: 3 w->vertexID: 27 to vid: 7
anchor() w_arrIdx: 3 w->vertexID: 27 to vid: 12
anchor() w_arrIdx: 0 w->vertexID: 21 to vid: 13
anchor() w_arrIdx: 0 w->vertexID: 21 to vid: 7
anchor() w_arrIdx: 0 w->vertexID: 21 to vid: 12
anchor() w_arrIdx: 3 w->vertexID: 27 to vid: 13
anchor() w_arrIdx: 3 w->vertexID: 27 to vid: 7
anchor() w_arrIdx: 3 w->vertexID: 27 to vid: 12
anchor() w_arrIdx: 0 w->vertexID: 21 to vid: 13
anchor() w_arrIdx: 0 w->vertexID: 21 to vid: 7
anchor() w_arrIdx: 0 w->vertexID: 21 to vid: 12
anchor() w_arrIdx: 3 w->vertexID: 27 to vid: 13
anchor() w_arrIdx: 3 w->vertexID: 27 to vid: 7
anchor() w_arrIdx: 3 w->vertexID: 27 to vid: 12
anchor() w_arrIdx: 0 w->vertexID: 21 to vid: 13
anchor() w_arrIdx: 0 w->vertexID: 21 to vid: 7
anchor() w_arrIdx: 0 w->vertexID: 21 to vid: 12
anchor() w_arrIdx: 3 w->vertexID: 27 to vid: 13
anchor() w_arrIdx: 3 w->vertexID: 27 to vid: 7
anchor() w_arrIdx: 3 w->vertexID: 27 to vid: 12
anchor() w_arrIdx: 0 w->vertexID: 21 to vid: 13
anchor() w_arrIdx: 0 w->vertexID: 21 to vid: 7
anchor() w_arrIdx: 0 w->vertexID: 21 to vid: 12
anchor() w_arrIdx: 3 w->vertexID: 27 to vid: 13
anchor() w_arrIdx: 3 w->vertexID: 27 to vid: 7
anchor() w_arrIdx: 3 w->vertexID: 27 to vid: 12
anchor() w_arrIdx: 0 w->vertexID: 21 to vid: 13
anchor() w_arrIdx: 0 w->vertexID: 21 to vid: 7
anchor() w_arrIdx: 0 w->vertexID: 21 to vid: 12
anchor() w_arrIdx: 3 w->vertexID: 27 to vid: 13
anchor() w_arrIdx: 3 w->vertexID: 27 to vid: 7
anchor() w_arrIdx: 3 w->vertexID: 27 to vid: 12
anchor() w_arrIdx: 0 w->vertexID: 21 to vid: 13
anchor() w_arrIdx: 0 w->vertexID: 21 to vid: 7
anchor() w_arrIdx: 0 w->vertexID: 21 to vid: 12
anchor() w_arrIdx: 3 w->vertexID: 27 to vid: 13
anchor() w_arrIdx: 3 w->vertexID: 27 to vid: 7
anchor() w_arrIdx: 3 w->vertexID: 27 to vid: 12
anchor() w_arrIdx: 0 w->vertexID: 21 to vid: 13
anchor() w_arrIdx: 0 w->vertexID: 21 to vid: 7
anchor() w_arrIdx: 0 w->vertexID: 21 to vid: 12
anchor() w_arrIdx: 3 w->vertexID: 27 to vid: 13
anchor() w_arrIdx: 3 w->vertexID: 27 to vid: 7
anchor() w_arrIdx: 3 w->vertexID: 27 to vid: 12
anchor() w_arrIdx: 0 w->vertexID: 21 to vid: 13
anchor() w_arrIdx: 0 w->vertexID: 21 to vid: 7
anchor() w_arrIdx: 0 w->vertexID: 21 to vid: 12
anchor() w_arrIdx: 3 w->vertexID: 27 to vid: 13
anchor() w_arrIdx: 3 w->vertexID: 27 to vid: 7
anchor() w_arrIdx: 3 w->vertexID: 27 to vid: 12
anchor() w_arrIdx: 0 w->vertexID: 21 to vid: 13
anchor() w_arrIdx: 0 w->vertexID: 21 to vid: 7
anchor() w_arrIdx: 0 w->vertexID: 21 to vid: 12
anchor() w_arrIdx: 3 w->vertexID: 27 to vid: 13
anchor() w_arrIdx: 3 w->vertexID: 27 to vid: 7
anchor() w_arrIdx: 3 w->vertexID: 27 to vid: 12
anchor() w_arrIdx: 0 w->vertexID: 21 to vid: 13
anchor() w_arrIdx: 0 w->vertexID: 21 to vid: 7
anchor() w_arrIdx: 0 w->vertexID: 21 to vid: 12
anchor() w_arrIdx: 3 w->vertexID: 27 to vid: 13
anchor() w_arrIdx: 3 w->vertexID: 27 to vid: 7
anchor() w_arrIdx: 3 w->vertexID: 27 to vid: 12
anchor() w_arrIdx: 0 w->vertexID: 21 to vid: 13
anchor() w_arrIdx: 0 w->vertexID: 21 to vid: 7
anchor() w_arrIdx: 0 w->vertexID: 21 to vid: 12
anchor() w_arrIdx: 3 w->vertexID: 27 to vid: 13
anchor() w_arrIdx: 3 w->vertexID: 27 to vid: 7
anchor() w_arrIdx: 3 w->vertexID: 27 to vid: 12
anchor() w_arrIdx: 0 w->vertexID: 21 to vid: 13
anchor() w_arrIdx: 0 w->vertexID: 21 to vid: 7
anchor() w_arrIdx: 0 w->vertexID: 21 to vid: 12
anchor() w_arrIdx: 3 w->vertexID: 27 to vid: 13
anchor() w_arrIdx: 3 w->vertexID: 27 to vid: 7
anchor() w_arrIdx: 3 w->vertexID: 27 to vid: 12
anchor() w_arrIdx: 0 w->vertexID: 21 to vid: 13
anchor() w_arrIdx: 0 w->vertexID: 21 to vid: 7
anchor() w_arrIdx: 0 w->vertexID: 21 to vid: 12
anchor() w_arrIdx: 3 w->vertexID: 27 to vid: 13
anchor() w_arrIdx: 3 w->vertexID: 27 to vid: 7
anchor() w_arrIdx: 3 w->vertexID: 27 to vid: 12
anchor() w_arrIdx: 0 w->vertexID: 21 to vid: 13
anchor() w_arrIdx: 0 w->vertexID: 21 to vid: 7
anchor() w_arrIdx: 0 w->vertexID: 21 to vid: 12
anchor() w_arrIdx: 3 w->vertexID: 27 to vid: 13
anchor() w_arrIdx: 3 w->vertexID: 27 to vid: 7
anchor() w_arrIdx: 3 w->vertexID: 27 to vid: 12
anchor() w_arrIdx: 0 w->vertexID: 21 to vid: 13
anchor() w_arrIdx: 0 w->vertexID: 21 to vid: 7
anchor() w_arrIdx: 0 w->vertexID: 21 to vid: 12
anchor() w_arrIdx: 3 w->vertexID: 27 to vid: 13
anchor() w_arrIdx: 3 w->vertexID: 27 to vid: 7
anchor() w_arrIdx: 3 w->vertexID: 27 to vid: 12
anchor() w_arrIdx: 0 w->vertexID: 21 to vid: 13
anchor() w_arrIdx: 0 w->vertexID: 21 to vid: 7
anchor() w_arrIdx: 0 w->vertexID: 21 to vid: 12
anchor() w_arrIdx: 3 w->vertexID: 27 to vid: 13
anchor() w_arrIdx: 3 w->vertexID: 27 to vid: 7
anchor() w_arrIdx: 3 w->vertexID: 27 to vid: 12
anchor() w_arrIdx: 0 w->vertexID: 21 to vid: 13
anchor() w_arrIdx: 0 w->vertexID: 21 to vid: 7
anchor() w_arrIdx: 0 w->vertexID: 21 to vid: 12
anchor() w_arrIdx: 3 w->vertexID: 27 to vid: 13
anchor() w_arrIdx: 3 w->vertexID: 27 to vid: 7
anchor() w_arrIdx: 3 w->vertexID: 27 to vid: 12
anchor() w_arrIdx: 0 w->vertexID: 21 to vid: 13
anchor() w_arrIdx: 0 w->vertexID: 21 to vid: 7
anchor() w_arrIdx: 0 w->vertexID: 21 to vid: 12
anchor() w_arrIdx: 3 w->vertexID: 27 to vid: 13
anchor() w_arrIdx: 3 w->vertexID: 27 to vid: 7
anchor() w_arrIdx: 3 w->vertexID: 27 to vid: 12
anchor() w_arrIdx: 0 w->vertexID: 21 to vid: 13
anchor() w_arrIdx: 0 w->vertexID: 21 to vid: 7
anchor() w_arrIdx: 0 w->vertexID: 21 to vid: 12
anchor() w_arrIdx: 3 w->vertexID: 27 to vid: 13
anchor() w_arrIdx: 3 w->vertexID: 27 to vid: 7
anchor() w_arrIdx: 3 w->vertexID: 27 to vid: 12
anchor() w_arrIdx: 0 w->vertexID: 21 to vid: 13
anchor() w_arrIdx: 0 w->vertexID: 21 to vid: 7
anchor() w_arrIdx: 0 w->vertexID: 21 to vid: 12
anchor() w_arrIdx: 3 w->vertexID: 27 to vid: 13
anchor() w_arrIdx: 3 w->vertexID: 27 to vid: 7
anchor() w_arrIdx: 3 w->vertexID: 27 to vid: 12
anchor() w_arrIdx: 0 w->vertexID: 21 to vid: 13
anchor() w_arrIdx: 0 w->vertexID: 21 to vid: 7
anchor() w_arrIdx: 0 w->vertexID: 21 to vid: 12
anchor() w_arrIdx: 3 w->vertexID: 27 to vid: 13
anchor() w_arrIdx: 3 w->vertexID: 27 to vid: 7
anchor() w_arrIdx: 3 w->vertexID: 27 to vid: 12
anchor() w_arrIdx: 0 w->vertexID: 21 to vid: 13
anchor() w_arrIdx: 0 w->vertexID: 21 to vid: 7
anchor() w_arrIdx: 0 w->vertexID: 21 to vid: 12
anchor() w_arrIdx: 3 w->vertexID: 27 to vid: 13
anchor() w_arrIdx: 3 w->vertexID: 27 to vid: 7
anchor() w_arrIdx: 3 w->vertexID: 27 to vid: 12
anchor() w_arrIdx: 0 w->vertexID: 21 to vid: 13
anchor() w_arrIdx: 0 w->vertexID: 21 to vid: 7
anchor() w_arrIdx: 0 w->vertexID: 21 to vid: 12
anchor() w_arrIdx: 3 w->vertexID: 27 to vid: 13
anchor() w_arrIdx: 3 w->vertexID: 27 to vid: 7
anchor() w_arrIdx: 3 w->vertexID: 27 to vid: 12
anchor() w_arrIdx: 0 w->vertexID: 21 to vid: 13
anchor() w_arrIdx: 0 w->vertexID: 21 to vid: 7
anchor() w_arrIdx: 0 w->vertexID: 21 to vid: 12
anchor() w_arrIdx: 3 w->vertexID: 27 to vid: 13
anchor() w_arrIdx: 3 w->vertexID: 27 to vid: 7
anchor() w_arrIdx: 3 w->vertexID: 27 to vid: 12
anchor() w_arrIdx: 0 w->vertexID: 21 to vid: 13
anchor() w_arrIdx: 0 w->vertexID: 21 to vid: 7
anchor() w_arrIdx: 0 w->vertexID: 21 to vid: 12
anchor() w_arrIdx: 3 w->vertexID: 27 to vid: 13
anchor() w_arrIdx: 3 w->vertexID: 27 to vid: 7
anchor() w_arrIdx: 3 w->vertexID: 27 to vid: 12
anchor() w_arrIdx: 0 w->vertexID: 21 to vid: 13
anchor() w_arrIdx: 0 w->vertexID: 21 to vid: 7
anchor() w_arrIdx: 0 w->vertexID: 21 to vid: 12
anchor() w_arrIdx: 3 w->vertexID: 27 to vid: 13
anchor() w_arrIdx: 3 w->vertexID: 27 to vid: 7
anchor() w_arrIdx: 3 w->vertexID: 27 to vid: 12
anchor() w_arrIdx: 0 w->vertexID: 21 to vid: 13
anchor() w_arrIdx: 0 w->vertexID: 21 to vid: 7
anchor() w_arrIdx: 0 w->vertexID: 21 to vid: 12
anchor() w_arrIdx: 3 w->vertexID: 27 to vid: 13
anchor() w_arrIdx: 3 w->vertexID: 27 to vid: 7
anchor() w_arrIdx: 3 w->vertexID: 27 to vid: 12
anchor() w_arrIdx: 0 w->vertexID: 21 to vid: 13
anchor() w_arrIdx: 0 w->vertexID: 21 to vid: 7
anchor() w_arrIdx: 0 w->vertexID: 21 to vid: 12
anchor() w_arrIdx: 3 w->vertexID: 27 to vid: 13
anchor() w_arrIdx: 3 w->vertexID: 27 to vid: 7
anchor() w_arrIdx: 3 w->vertexID: 27 to vid: 12
anchor() w_arrIdx: 0 w->vertexID: 21 to vid: 13
anchor() w_arrIdx: 0 w->vertexID: 21 to vid: 7
anchor() w_arrIdx: 0 w->vertexID: 21 to vid: 12
anchor() w_arrIdx: 3 w->vertexID: 27 to vid: 13
anchor() w_arrIdx: 3 w->vertexID: 27 to vid: 7
anchor() w_arrIdx: 3 w->vertexID: 27 to vid: 12
anchor() w_arrIdx: 0 w->vertexID: 21 to vid: 13
anchor() w_arrIdx: 0 w->vertexID: 21 to vid: 7
anchor() w_arrIdx: 0 w->vertexID: 21 to vid: 12
anchor() w_arrIdx: 3 w->vertexID: 27 to vid: 13
anchor() w_arrIdx: 3 w->vertexID: 27 to vid: 7
anchor() w_arrIdx: 3 w->vertexID: 27 to vid: 12
anchor() w_arrIdx: 0 w->vertexID: 21 to vid: 13
anchor() w_arrIdx: 0 w->vertexID: 21 to vid: 7
anchor() w_arrIdx: 0 w->vertexID: 21 to vid: 12
anchor() w_arrIdx: 3 w->vertexID: 27 to vid: 13
anchor() w_arrIdx: 3 w->vertexID: 27 to vid: 7
anchor() w_arrIdx: 3 w->vertexID: 27 to vid: 12
anchor() w_arrIdx: 0 w->vertexID: 21 to vid: 13
anchor() w_arrIdx: 0 w->vertexID: 21 to vid: 7
anchor() w_arrIdx: 0 w->vertexID: 21 to vid: 12
anchor() w_arrIdx: 3 w->vertexID: 27 to vid: 13
anchor() w_arrIdx: 3 w->vertexID: 27 to vid: 7
anchor() w_arrIdx: 3 w->vertexID: 27 to vid: 12
anchor() w_arrIdx: 0 w->vertexID: 21 to vid: 13
anchor() w_arrIdx: 0 w->vertexID: 21 to vid: 7
anchor() w_arrIdx: 0 w->vertexID: 21 to vid: 12
anchor() w_arrIdx: 3 w->vertexID: 27 to vid: 13
anchor() w_arrIdx: 3 w->vertexID: 27 to vid: 7
anchor() w_arrIdx: 3 w->vertexID: 27 to vid: 12
anchor() w_arrIdx: 0 w->vertexID: 21 to vid: 13
anchor() w_arrIdx: 0 w->vertexID: 21 to vid: 7
anchor() w_arrIdx: 0 w->vertexID: 21 to vid: 12
anchor() w_arrIdx: 3 w->vertexID: 27 to vid: 13
anchor() w_arrIdx: 3 w->vertexID: 27 to vid: 7
anchor() w_arrIdx: 3 w->vertexID: 27 to vid: 12
anchor() w_arrIdx: 0 w->vertexID: 21 to vid: 13
anchor() w_arrIdx: 0 w->vertexID: 21 to vid: 7
anchor() w_arrIdx: 0 w->vertexID: 21 to vid: 12
anchor() w_arrIdx: 3 w->vertexID: 27 to vid: 13
anchor() w_arrIdx: 3 w->vertexID: 27 to vid: 7
anchor() w_arrIdx: 3 w->vertexID: 27 to vid: 12
anchor() w_arrIdx: 0 w->vertexID: 21 to vid: 13
anchor() w_arrIdx: 0 w->vertexID: 21 to vid: 7
anchor() w_arrIdx: 0 w->vertexID: 21 to vid: 12
anchor() w_arrIdx: 3 w->vertexID: 27 to vid: 13
anchor() w_arrIdx: 3 w->vertexID: 27 to vid: 7
anchor() w_arrIdx: 3 w->vertexID: 27 to vid: 12
anchor() w_arrIdx: 0 w->vertexID: 21 to vid: 13
anchor() w_arrIdx: 0 w->vertexID: 21 to vid: 7
anchor() w_arrIdx: 0 w->vertexID: 21 to vid: 12
anchor() w_arrIdx: 3 w->vertexID: 27 to vid: 13
anchor() w_arrIdx: 3 w->vertexID: 27 to vid: 7
anchor() w_arrIdx: 3 w->vertexID: 27 to vid: 12
anchor() w_arrIdx: 0 w->vertexID: 21 to vid: 13
anchor() w_arrIdx: 0 w->vertexID: 21 to vid: 7
anchor() w_arrIdx: 0 w->vertexID: 21 to vid: 12
anchor() w_arrIdx: 3 w->vertexID: 27 to vid: 13
anchor() w_arrIdx: 3 w->vertexID: 27 to vid: 7
anchor() w_arrIdx: 3 w->vertexID: 27 to vid: 12
anchor() w_arrIdx: 0 w->vertexID: 21 to vid: 13
anchor() w_arrIdx: 0 w->vertexID: 21 to vid: 7
anchor() w_arrIdx: 0 w->vertexID: 21 to vid: 12
anchor() w_arrIdx: 3 w->vertexID: 27 to vid: 13
anchor() w_arrIdx: 3 w->vertexID: 27 to vid: 7
anchor() w_arrIdx: 3 w->vertexID: 27 to vid: 12
anchor() w_arrIdx: 0 w->vertexID: 21 to vid: 13
anchor() w_arrIdx: 0 w->vertexID: 21 to vid: 7
anchor() w_arrIdx: 0 w->vertexID: 21 to vid: 12
anchor() w_arrIdx: 3 w->vertexID: 27 to vid: 13
anchor() w_arrIdx: 3 w->vertexID: 27 to vid: 7
anchor() w_arrIdx: 3 w->vertexID: 27 to vid: 12
anchor() w_arrIdx: 0 w->vertexID: 21 to vid: 13
anchor() w_arrIdx: 0 w->vertexID: 21 to vid: 7
anchor() w_arrIdx: 0 w->vertexID: 21 to vid: 12
anchor() w_arrIdx: 3 w->vertexID: 27 to vid: 13
anchor() w_arrIdx: 3 w->vertexID: 27 to vid: 7
anchor() w_arrIdx: 3 w->vertexID: 27 to vid: 12
anchor() w_arrIdx: 0 w->vertexID: 21 to vid: 13
anchor() w_arrIdx: 0 w->vertexID: 21 to vid: 7
anchor() w_arrIdx: 0 w->vertexID: 21 to vid: 12
anchor() w_arrIdx: 3 w->vertexID: 27 to vid: 13
anchor() w_arrIdx: 3 w->vertexID: 27 to vid: 7
anchor() w_arrIdx: 3 w->vertexID: 27 to vid: 12
anchor() w_arrIdx: 0 w->vertexID: 21 to vid: 13
anchor() w_arrIdx: 0 w->vertexID: 21 to vid: 7
anchor() w_arrIdx: 0 w->vertexID: 21 to vid: 12
anchor() w_arrIdx: 3 w->vertexID: 27 to vid: 13
anchor() w_arrIdx: 3 w->vertexID: 27 to vid: 7
anchor() w_arrIdx: 3 w->vertexID: 27 to vid: 12
anchor() w_arrIdx: 0 w->vertexID: 21 to vid: 13
anchor() w_arrIdx: 0 w->vertexID: 21 to vid: 7
anchor() w_arrIdx: 0 w->vertexID: 21 to vid: 12
anchor() w_arrIdx: 3 w->vertexID: 27 to vid: 13
anchor() w_arrIdx: 3 w->vertexID: 27 to vid: 7
anchor() w_arrIdx: 3 w->vertexID: 27 to vid: 12
anchor() w_arrIdx: 0 w->vertexID: 21 to vid: 13
anchor() w_arrIdx: 0 w->vertexID: 21 to vid: 7
anchor() w_arrIdx: 0 w->vertexID: 21 to vid: 12
anchor() w_arrIdx: 3 w->vertexID: 27 to vid: 13
anchor() w_arrIdx: 3 w->vertexID: 27 to vid: 7
anchor() w_arrIdx: 3 w->vertexID: 27 to vid: 12
anchor() w_arrIdx: 0 w->vertexID: 21 to vid: 13
anchor() w_arrIdx: 0 w->vertexID: 21 to vid: 7
anchor() w_arrIdx: 0 w->vertexID: 21 to vid: 12
anchor() w_arrIdx: 3 w->vertexID: 27 to vid: 13
anchor() w_arrIdx: 3 w->vertexID: 27 to vid: 7
anchor() w_arrIdx: 3 w->vertexID: 27 to vid: 12
anchor() w_arrIdx: 0 w->vertexID: 21 to vid: 13
anchor() w_arrIdx: 0 w->vertexID: 21 to vid: 7
anchor() w_arrIdx: 0 w->vertexID: 21 to vid: 12
anchor() w_arrIdx: 3 w->vertexID: 27 to vid: 13
anchor() w_arrIdx: 3 w->vertexID: 27 to vid: 7
anchor() w_arrIdx: 3 w->vertexID: 27 to vid: 12
anchor() w_arrIdx: 0 w->vertexID: 21 to vid: 13
anchor() w_arrIdx: 0 w->vertexID: 21 to vid: 7
anchor() w_arrIdx: 0 w->vertexID: 21 to vid: 12
anchor() w_arrIdx: 3 w->vertexID: 27 to vid: 13
anchor() w_arrIdx: 3 w->vertexID: 27 to vid: 7
anchor() w_arrIdx: 3 w->vertexID: 27 to vid: 12
anchor() w_arrIdx: 0 w->vertexID: 21 to vid: 13
anchor() w_arrIdx: 0 w->vertexID: 21 to vid: 7
anchor() w_arrIdx: 0 w->vertexID: 21 to vid: 12
anchor() w_arrIdx: 3 w->vertexID: 27 to vid: 13
anchor() w_arrIdx: 3 w->vertexID: 27 to vid: 7
anchor() w_arrIdx: 3 w->vertexID: 27 to vid: 12
anchor() w_arrIdx: 0 w->vertexID: 21 to vid: 13
anchor() w_arrIdx: 0 w->vertexID: 21 to vid: 7
anchor() w_arrIdx: 0 w->vertexID: 21 to vid: 12
anchor() w_arrIdx: 3 w->vertexID: 27 to vid: 13
anchor() w_arrIdx: 3 w->vertexID: 27 to vid: 7
anchor() w_arrIdx: 3 w->vertexID: 27 to vid: 12
anchor() w_arrIdx: 0 w->vertexID: 21 to vid: 13
