------------- Processor 26 Exiting: Called CmiAbort ------------
Reason: posix_memalign: out of memory
------------- Processor 18 Exiting: Called CmiAbort ------------
Reason: posix_memalign: out of memory
------------- Processor 129 Exiting: Called CmiAbort ------------
Reason: posix_memalign: out of memory
------------- Processor 20 Exiting: Called CmiAbort ------------
Reason: posix_memalign: out of memory
------------- Processor 22 Exiting: Called CmiAbort ------------
Reason: posix_memalign: out of memory
------------- Processor 28 Exiting: Called CmiAbort ------------
Reason: posix_memalign: out of memory
------------- Processor 16 Exiting: Called CmiAbort ------------
Reason: posix_memalign: out of memory
------------- Processor 17 Exiting: Called CmiAbort ------------
Reason: posix_memalign: out of memory
------------- Processor 19 Exiting: Called CmiAbort ------------
Reason: posix_memalign: out of memory
------------- Processor 25 Exiting: Called CmiAbort ------------
Reason: posix_memalign: out of memory
------------- Processor 30 Exiting: Called CmiAbort ------------
Reason: posix_memalign: out of memory
------------- Processor 31 Exiting: Called CmiAbort ------------
Reason: posix_memalign: out of memory
------------- Processor 27 Exiting: Called CmiAbort ------------
Reason: posix_memalign: out of memory
------------- Processor 24 Exiting: Called CmiAbort ------------
Reason: posix_memalign: out of memory
------------- Processor 21 Exiting: Called CmiAbort ------------
Reason: posix_memalign: out of memory
------------- Processor 23 Exiting: Called CmiAbort ------------
Reason: posix_memalign: out of memory
------------- Processor 54 Exiting: Called CmiAbort ------------
Reason: posix_memalign: out of memory
------------- Processor 63 Exiting: Called CmiAbort ------------
Reason: posix_memalign: out of memory
------------- Processor 55 Exiting: Called CmiAbort ------------
Reason: posix_memalign: out of memory
------------- Processor 48 Exiting: Called CmiAbort ------------
Reason: posix_memalign: out of memory
------------- Processor 53 Exiting: Called CmiAbort ------------
Reason: posix_memalign: out of memory
------------- Processor 56 Exiting: Called CmiAbort ------------
Reason: posix_memalign: out of memory
------------- Processor 15 Exiting: Called CmiAbort ------------
Reason: posix_memalign: out of memory
------------- Processor 4 Exiting: Called CmiAbort ------------
Reason: posix_memalign: out of memory
------------- Processor 2 Exiting: Called CmiAbort ------------
Reason: posix_memalign: out of memory
------------- Processor 6 Exiting: Called CmiAbort ------------
Reason: posix_memalign: out of memory
------------- Processor 0 Exiting: Called CmiAbort ------------
Reason: posix_memalign: out of memory
------------- Processor 14 Exiting: Called CmiAbort ------------
Reason: posix_memalign: out of memory
------------- Processor 46 Exiting: Called CmiAbort ------------
Reason: posix_memalign: out of memory
------------- Processor 32 Exiting: Called CmiAbort ------------
Reason: posix_memalign: out of memory
------------- Processor 38 Exiting: Called CmiAbort ------------
Reason: posix_memalign: out of memory
------------- Processor 39 Exiting: Called CmiAbort ------------
Reason: posix_memalign: out of memory
------------- Processor 37 Exiting: Called CmiAbort ------------
Reason: posix_memalign: out of memory
------------- Processor 36 Exiting: Called CmiAbort ------------
Reason: posix_memalign: out of memory
------------- Processor 7 Exiting: Called CmiAbort ------------
Reason: posix_memalign: out of memory
------------- Processor 9 Exiting: Called CmiAbort ------------
Reason: posix_memalign: out of memory
------------- Processor 5 Exiting: Called CmiAbort ------------
Reason: posix_memalign: out of memory
slurmstepd: error: *** JOB 2996070 ON c401-093 CANCELLED AT 2019-02-23T23:07:23 ***
[mpiexec@c401-093.stampede2.tacc.utexas.edu] control_cb (../../pm/pmiserv/pmiserv_cb.c:798): connection to proxy 1 at host c401-113 failed
[mpiexec@c401-093.stampede2.tacc.utexas.edu] HYDT_dmxu_poll_wait_for_event (../../tools/demux/demux_poll.c:76): callback returned error status
[mpiexec@c401-093.stampede2.tacc.utexas.edu] HYD_pmci_wait_for_completion (../../pm/pmiserv/pmiserv_pmci.c:501): error waiting for event
[mpiexec@c401-093.stampede2.tacc.utexas.edu] main (../../ui/mpich/mpiexec.c:1147): process manager error waiting for completion
